FrameworkServlet 'springServlet': initialization started
Refreshing WebApplicationContext for namespace 'springServlet-servlet': startup date [Tue Jul 29 14:31:42 CST 2014]; root of context hierarchy
Loading XML bean definitions from URL [file:/D:/git/wgit/wgit/target/classes/META-INF/spring-servlet.xml]
Mapped URL path [/restful/clone/{Branch}] onto handler 'restGitService'
Mapped URL path [/restful/clone/{Branch}.*] onto handler 'restGitService'
Mapped URL path [/restful/clone/{Branch}/] onto handler 'restGitService'
Mapped URL path [/restful/create] onto handler 'restGitService'
Mapped URL path [/restful/create.*] onto handler 'restGitService'
Mapped URL path [/restful/create/] onto handler 'restGitService'
FrameworkServlet 'springServlet': initialization completed in 1019 ms
FrameworkServlet 'springServlet': initialization started
Refreshing WebApplicationContext for namespace 'springServlet-servlet': startup date [Tue Jul 29 14:45:28 CST 2014]; root of context hierarchy
Loading XML bean definitions from URL [file:/D:/git/wgit/wgit/target/classes/META-INF/spring-servlet.xml]
Mapped URL path [/restful/clone/{Branch}] onto handler 'restGitService'
Mapped URL path [/restful/clone/{Branch}.*] onto handler 'restGitService'
Mapped URL path [/restful/clone/{Branch}/] onto handler 'restGitService'
Mapped URL path [/restful/create] onto handler 'restGitService'
Mapped URL path [/restful/create.*] onto handler 'restGitService'
Mapped URL path [/restful/create/] onto handler 'restGitService'
Mapped URL path [/restful/fetch] onto handler 'restGitService'
Mapped URL path [/restful/fetch.*] onto handler 'restGitService'
Mapped URL path [/restful/fetch/] onto handler 'restGitService'
FrameworkServlet 'springServlet': initialization completed in 1078 ms
FrameworkServlet 'springServlet': initialization started
Refreshing WebApplicationContext for namespace 'springServlet-servlet': startup date [Tue Jul 29 15:31:53 CST 2014]; root of context hierarchy
Loading XML bean definitions from URL [file:/D:/git/wgit/wgit/target/classes/META-INF/spring-servlet.xml]
Mapped URL path [/restful/clone/{Branch}] onto handler 'restGitService'
Mapped URL path [/restful/clone/{Branch}.*] onto handler 'restGitService'
Mapped URL path [/restful/clone/{Branch}/] onto handler 'restGitService'
Mapped URL path [/restful/push] onto handler 'restGitService'
Mapped URL path [/restful/push.*] onto handler 'restGitService'
Mapped URL path [/restful/push/] onto handler 'restGitService'
Mapped URL path [/restful/create] onto handler 'restGitService'
Mapped URL path [/restful/create.*] onto handler 'restGitService'
Mapped URL path [/restful/create/] onto handler 'restGitService'
Mapped URL path [/restful/fetch] onto handler 'restGitService'
Mapped URL path [/restful/fetch.*] onto handler 'restGitService'
Mapped URL path [/restful/fetch/] onto handler 'restGitService'
Mapped URL path [/restful/merger] onto handler 'restGitService'
Mapped URL path [/restful/merger.*] onto handler 'restGitService'
Mapped URL path [/restful/merger/] onto handler 'restGitService'
FrameworkServlet 'springServlet': initialization completed in 1044 ms
FrameworkServlet 'springServlet': initialization started
Refreshing WebApplicationContext for namespace 'springServlet-servlet': startup date [Tue Jul 29 15:43:33 CST 2014]; root of context hierarchy
Loading XML bean definitions from URL [file:/D:/git/wgit/wgit/target/classes/META-INF/spring-servlet.xml]
Mapped URL path [/restful/clone/{Branch}] onto handler 'restGitService'
Mapped URL path [/restful/clone/{Branch}.*] onto handler 'restGitService'
Mapped URL path [/restful/clone/{Branch}/] onto handler 'restGitService'
Mapped URL path [/restful/push] onto handler 'restGitService'
Mapped URL path [/restful/push.*] onto handler 'restGitService'
Mapped URL path [/restful/push/] onto handler 'restGitService'
Mapped URL path [/restful/create] onto handler 'restGitService'
Mapped URL path [/restful/create.*] onto handler 'restGitService'
Mapped URL path [/restful/create/] onto handler 'restGitService'
Mapped URL path [/restful/merger] onto handler 'restGitService'
Mapped URL path [/restful/merger.*] onto handler 'restGitService'
Mapped URL path [/restful/merger/] onto handler 'restGitService'
Mapped URL path [/restful/fetch] onto handler 'restGitService'
Mapped URL path [/restful/fetch.*] onto handler 'restGitService'
Mapped URL path [/restful/fetch/] onto handler 'restGitService'
FrameworkServlet 'springServlet': initialization completed in 1085 ms
FrameworkServlet 'springServlet': initialization started
Refreshing WebApplicationContext for namespace 'springServlet-servlet': startup date [Tue Jul 29 15:59:41 CST 2014]; root of context hierarchy
Loading XML bean definitions from URL [file:/D:/git/wgit/wgit/target/classes/META-INF/spring-servlet.xml]
Mapped URL path [/restful/clone/{Branch}] onto handler 'restGitService'
Mapped URL path [/restful/clone/{Branch}.*] onto handler 'restGitService'
Mapped URL path [/restful/clone/{Branch}/] onto handler 'restGitService'
Mapped URL path [/restful/push] onto handler 'restGitService'
Mapped URL path [/restful/push.*] onto handler 'restGitService'
Mapped URL path [/restful/push/] onto handler 'restGitService'
Mapped URL path [/restful/create] onto handler 'restGitService'
Mapped URL path [/restful/create.*] onto handler 'restGitService'
Mapped URL path [/restful/create/] onto handler 'restGitService'
Mapped URL path [/restful/merger] onto handler 'restGitService'
Mapped URL path [/restful/merger.*] onto handler 'restGitService'
Mapped URL path [/restful/merger/] onto handler 'restGitService'
Mapped URL path [/restful/getcommit] onto handler 'restGitService'
Mapped URL path [/restful/getcommit.*] onto handler 'restGitService'
Mapped URL path [/restful/getcommit/] onto handler 'restGitService'
Mapped URL path [/restful/fetch] onto handler 'restGitService'
Mapped URL path [/restful/fetch.*] onto handler 'restGitService'
Mapped URL path [/restful/fetch/] onto handler 'restGitService'
FrameworkServlet 'springServlet': initialization completed in 1109 ms
FrameworkServlet 'springServlet': initialization started
Refreshing WebApplicationContext for namespace 'springServlet-servlet': startup date [Tue Jul 29 16:14:01 CST 2014]; root of context hierarchy
Loading XML bean definitions from URL [file:/D:/git/wgit/wgit/target/classes/META-INF/spring-servlet.xml]
Mapped URL path [/restful/clone/{Branch}] onto handler 'restGitService'
Mapped URL path [/restful/clone/{Branch}.*] onto handler 'restGitService'
Mapped URL path [/restful/clone/{Branch}/] onto handler 'restGitService'
Mapped URL path [/restful/push] onto handler 'restGitService'
Mapped URL path [/restful/push.*] onto handler 'restGitService'
Mapped URL path [/restful/push/] onto handler 'restGitService'
Mapped URL path [/restful/create] onto handler 'restGitService'
Mapped URL path [/restful/create.*] onto handler 'restGitService'
Mapped URL path [/restful/create/] onto handler 'restGitService'
Mapped URL path [/restful/merger] onto handler 'restGitService'
Mapped URL path [/restful/merger.*] onto handler 'restGitService'
Mapped URL path [/restful/merger/] onto handler 'restGitService'
Mapped URL path [/restful/getcommit] onto handler 'restGitService'
Mapped URL path [/restful/getcommit.*] onto handler 'restGitService'
Mapped URL path [/restful/getcommit/] onto handler 'restGitService'
Mapped URL path [/restful/fetch] onto handler 'restGitService'
Mapped URL path [/restful/fetch.*] onto handler 'restGitService'
Mapped URL path [/restful/fetch/] onto handler 'restGitService'
FrameworkServlet 'springServlet': initialization completed in 1198 ms
FrameworkServlet 'springServlet': initialization started
Refreshing WebApplicationContext for namespace 'springServlet-servlet': startup date [Tue Jul 29 16:17:13 CST 2014]; root of context hierarchy
Loading XML bean definitions from URL [file:/D:/git/wgit/wgit/target/classes/META-INF/spring-servlet.xml]
Mapped URL path [/restful/clone/{Branch}] onto handler 'restGitService'
Mapped URL path [/restful/clone/{Branch}.*] onto handler 'restGitService'
Mapped URL path [/restful/clone/{Branch}/] onto handler 'restGitService'
Mapped URL path [/restful/push] onto handler 'restGitService'
Mapped URL path [/restful/push.*] onto handler 'restGitService'
Mapped URL path [/restful/push/] onto handler 'restGitService'
Mapped URL path [/restful/create] onto handler 'restGitService'
Mapped URL path [/restful/create.*] onto handler 'restGitService'
Mapped URL path [/restful/create/] onto handler 'restGitService'
Mapped URL path [/restful/merger] onto handler 'restGitService'
Mapped URL path [/restful/merger.*] onto handler 'restGitService'
Mapped URL path [/restful/merger/] onto handler 'restGitService'
Mapped URL path [/restful/getcommit] onto handler 'restGitService'
Mapped URL path [/restful/getcommit.*] onto handler 'restGitService'
Mapped URL path [/restful/getcommit/] onto handler 'restGitService'
Mapped URL path [/restful/fetch] onto handler 'restGitService'
Mapped URL path [/restful/fetch.*] onto handler 'restGitService'
Mapped URL path [/restful/fetch/] onto handler 'restGitService'
FrameworkServlet 'springServlet': initialization completed in 1135 ms
FrameworkServlet 'springServlet': initialization started
Refreshing WebApplicationContext for namespace 'springServlet-servlet': startup date [Tue Jul 29 16:31:22 CST 2014]; root of context hierarchy
Loading XML bean definitions from URL [file:/D:/git/wgit/wgit/target/classes/META-INF/spring-servlet.xml]
Mapped URL path [/restful/clone/{Branch}] onto handler 'restGitService'
Mapped URL path [/restful/clone/{Branch}.*] onto handler 'restGitService'
Mapped URL path [/restful/clone/{Branch}/] onto handler 'restGitService'
Mapped URL path [/restful/push] onto handler 'restGitService'
Mapped URL path [/restful/push.*] onto handler 'restGitService'
Mapped URL path [/restful/push/] onto handler 'restGitService'
Mapped URL path [/restful/create] onto handler 'restGitService'
Mapped URL path [/restful/create.*] onto handler 'restGitService'
Mapped URL path [/restful/create/] onto handler 'restGitService'
Mapped URL path [/restful/merger] onto handler 'restGitService'
Mapped URL path [/restful/merger.*] onto handler 'restGitService'
Mapped URL path [/restful/merger/] onto handler 'restGitService'
Mapped URL path [/restful/getcommit] onto handler 'restGitService'
Mapped URL path [/restful/getcommit.*] onto handler 'restGitService'
Mapped URL path [/restful/getcommit/] onto handler 'restGitService'
Mapped URL path [/restful/fetch] onto handler 'restGitService'
Mapped URL path [/restful/fetch.*] onto handler 'restGitService'
Mapped URL path [/restful/fetch/] onto handler 'restGitService'
FrameworkServlet 'springServlet': initialization completed in 1185 ms
